<?xml version="1.0" encoding="UTF-8"?>
<testng-results skipped="0" failed="0" ignored="0" total="1" passed="1">
  <reporter-output>
  </reporter-output>
  <suite name="Default suite" duration-ms="16478" started-at="2020-01-20T05:12:10Z" finished-at="2020-01-20T05:12:26Z">
    <groups>
    </groups>
    <test name="Default test" duration-ms="16478" started-at="2020-01-20T05:12:10Z" finished-at="2020-01-20T05:12:26Z">
      <class name="com.training.regression.tests.AccinfCYTC_035">
        <test-method status="PASS" signature="setUpBeforeClass()[pri:0, instance:com.training.regression.tests.AccinfCYTC_035@7cd62f43]" name="setUpBeforeClass" is-config="true" duration-ms="39" started-at="2020-01-20T05:12:10Z" finished-at="2020-01-20T05:12:10Z">
          <reporter-output>
          </reporter-output>
        </test-method> <!-- setUpBeforeClass -->
        <test-method status="PASS" signature="setUp()[pri:0, instance:com.training.regression.tests.AccinfCYTC_035@7cd62f43]" name="setUp" is-config="true" duration-ms="12413" started-at="2020-01-20T05:12:10Z" finished-at="2020-01-20T05:12:22Z">
          <reporter-output>
          </reporter-output>
        </test-method> <!-- setUp -->
        <test-method status="PASS" signature="validLoginTest()[pri:0, instance:com.training.regression.tests.AccinfCYTC_035@7cd62f43]" name="validLoginTest" duration-ms="3996" started-at="2020-01-20T05:12:22Z" finished-at="2020-01-20T05:12:26Z">
          <reporter-output>
          </reporter-output>
        </test-method> <!-- validLoginTest -->
      </class> <!-- com.training.regression.tests.AccinfCYTC_035 -->
    </test> <!-- Default test -->
  </suite> <!-- Default suite -->
</testng-results>
